execve("./hello", ["./hello"], 0xffffd0341ab8 /* 8 vars */) = 0 <0.002818>
brk(NULL)                               = 0xaaaad885e000 <0.000122>
faccessat(AT_FDCWD, "/etc/ld.so.preload", R_OK) = -1 ENOENT (No such file or directory) <0.000126>
openat(AT_FDCWD, "/etc/ld.so.cache", O_RDONLY|O_CLOEXEC) = 3 <0.000064>
fstat(3, {st_mode=S_IFREG|0644, st_size=14866, ...}) = 0 <0.000048>
mmap(NULL, 14866, PROT_READ, MAP_PRIVATE, 3, 0) = 0xffffa268f000 <0.000143>
close(3)                                = 0 <0.000208>
openat(AT_FDCWD, "/lib/aarch64-linux-gnu/libc.so.6", O_RDONLY|O_CLOEXEC) = 3 <0.000176>
read(3, "\177ELF\2\1\1\3\0\0\0\0\0\0\0\0\3\0\267\0\1\0\0\0`\17\2\0\0\0\0\0"..., 832) = 832 <0.000052>
fstat(3, {st_mode=S_IFREG|0755, st_size=1450832, ...}) = 0 <0.000119>
mmap(NULL, 8192, PROT_READ|PROT_WRITE, MAP_PRIVATE|MAP_ANONYMOUS, -1, 0) = 0xffffa268d000 <0.000103>
mmap(NULL, 1519552, PROT_READ|PROT_EXEC, MAP_PRIVATE|MAP_DENYWRITE, 3, 0) = 0xffffa24f2000 <0.000085>
mprotect(0xffffa264d000, 61440, PROT_NONE) = 0 <0.000141>
mmap(0xffffa265c000, 24576, PROT_READ|PROT_WRITE, MAP_PRIVATE|MAP_FIXED|MAP_DENYWRITE, 3, 0x15a000) = 0xffffa265c000 <0.000110>
mmap(0xffffa2662000, 12224, PROT_READ|PROT_WRITE, MAP_PRIVATE|MAP_FIXED|MAP_ANONYMOUS, -1, 0) = 0xffffa2662000 <0.000074>
close(3)                                = 0 <0.000048>
mprotect(0xffffa265c000, 16384, PROT_READ) = 0 <0.000035>
mprotect(0xaaaacf120000, 4096, PROT_READ) = 0 <0.000030>
mprotect(0xffffa2696000, 4096, PROT_READ) = 0 <0.000014>
munmap(0xffffa268f000, 14866)           = 0 <0.000124>
fstat(1, {st_mode=S_IFCHR|0620, st_rdev=makedev(0x88, 0x2), ...}) = 0 <0.000081>
brk(NULL)                               = 0xaaaad885e000 <0.000091>
brk(0xaaaad887f000)                     = 0xaaaad887f000 <0.000066>
write(1, "Hello, World\n", 13)          = 13 <0.000052>
exit_group(0)                           = ?
+++ exited with 0 +++
